<?xml version="1.0" encoding="UTF-8"?>
<!-- Generated by org.testng.reporters.JUnitXMLReporter -->
<testsuite ignored="12" hostname="DESKTOP-UCD2CKU" failures="1" tests="1" name="Default test" time="9.506" errors="0" timestamp="2024-11-12T10:11:02 EET">
  <testcase classname="MyTestCases" name="IframeExample" time="1.174">
    <failure type="org.openqa.selenium.ElementClickInterceptedException" message="element click intercepted: Element &amp;lt;div id=&amp;quot;ct_button-20c391b5&amp;quot; class=&amp;quot;ct-button-wrapper ct-button-layout1&amp;quot;&amp;gt;...&amp;lt;/div&amp;gt; is not clickable at point (285, 582). Other element would receive the click: &amp;lt;div class=&amp;quot;elementor-element elementor-element-1493c2f7 elementor-widget-divider--view-line elementor-widget elementor-widget-divider&amp;quot; data-id=&amp;quot;1493c2f7&amp;quot; data-element_type=&amp;quot;widget&amp;quot; data-widget_type=&amp;quot;divider.default&amp;quot;&amp;gt;...&amp;lt;/div&amp;gt;
  (Session info: chrome=130.0.6723.117)
Build info: version: &amp;apos;4.25.0&amp;apos;, revision: &amp;apos;8a8aea2337&amp;apos;
System info: os.name: &amp;apos;Windows 11&amp;apos;, os.arch: &amp;apos;amd64&amp;apos;, os.version: &amp;apos;10.0&amp;apos;, java.version: &amp;apos;21.0.4&amp;apos;
Driver info: org.openqa.selenium.chrome.ChromeDriver
Command: [7bc694311e88f08c6e41864692f334f0, clickElement {id=f.74F1D717CEA61AF2EB5018E7F30E85F3.d.DA7219B77977CE8DE75FB9A8A3FB1FD1.e.35}]
Capabilities {acceptInsecureCerts: false, browserName: chrome, browserVersion: 130.0.6723.117, chrome: {chromedriverVersion: 130.0.6723.116 (6ac35f94ae3..., userDataDir: C:\Users\lujai\AppData\Loca...}, fedcm:accounts: true, goog:chromeOptions: {debuggerAddress: localhost:59786}, networkConnectionEnabled: false, pageLoadStrategy: normal, platformName: windows, proxy: Proxy(), se:cdp: ws://localhost:59786/devtoo..., se:cdpVersion: 130.0.6723.117, setWindowRect: true, strictFileInteractability: false, timeouts: {implicit: 0, pageLoad: 300000, script: 30000}, unhandledPromptBehavior: dismiss and notify, webauthn:extension:credBlob: true, webauthn:extension:largeBlob: true, webauthn:extension:minPinLength: true, webauthn:extension:prf: true, webauthn:virtualAuthenticators: true}
Element: [[ChromeDriver: chrome on windows (7bc694311e88f08c6e41864692f334f0)] -&amp;gt; id: ct_button-20c391b5]
Session ID: 7bc694311e88f08c6e41864692f334f0">
      <![CDATA[org.openqa.selenium.ElementClickInterceptedException: element click intercepted: Element <div id="ct_button-20c391b5" class="ct-button-wrapper ct-button-layout1">...</div> is not clickable at point (285, 582). Other element would receive the click: <div class="elementor-element elementor-element-1493c2f7 elementor-widget-divider--view-line elementor-widget elementor-widget-divider" data-id="1493c2f7" data-element_type="widget" data-widget_type="divider.default">...</div>
  (Session info: chrome=130.0.6723.117)
Build info: version: '4.25.0', revision: '8a8aea2337'
System info: os.name: 'Windows 11', os.arch: 'amd64', os.version: '10.0', java.version: '21.0.4'
Driver info: org.openqa.selenium.chrome.ChromeDriver
Command: [7bc694311e88f08c6e41864692f334f0, clickElement {id=f.74F1D717CEA61AF2EB5018E7F30E85F3.d.DA7219B77977CE8DE75FB9A8A3FB1FD1.e.35}]
Capabilities {acceptInsecureCerts: false, browserName: chrome, browserVersion: 130.0.6723.117, chrome: {chromedriverVersion: 130.0.6723.116 (6ac35f94ae3..., userDataDir: C:\Users\lujai\AppData\Loca...}, fedcm:accounts: true, goog:chromeOptions: {debuggerAddress: localhost:59786}, networkConnectionEnabled: false, pageLoadStrategy: normal, platformName: windows, proxy: Proxy(), se:cdp: ws://localhost:59786/devtoo..., se:cdpVersion: 130.0.6723.117, setWindowRect: true, strictFileInteractability: false, timeouts: {implicit: 0, pageLoad: 300000, script: 30000}, unhandledPromptBehavior: dismiss and notify, webauthn:extension:credBlob: true, webauthn:extension:largeBlob: true, webauthn:extension:minPinLength: true, webauthn:extension:prf: true, webauthn:virtualAuthenticators: true}
Element: [[ChromeDriver: chrome on windows (7bc694311e88f08c6e41864692f334f0)] -> id: ct_button-20c391b5]
Session ID: 7bc694311e88f08c6e41864692f334f0
at java.base/jdk.internal.reflect.DirectConstructorHandleAccessor.newInstance(DirectConstructorHandleAccessor.java:62)
at java.base/java.lang.reflect.Constructor.newInstanceWithCaller(Constructor.java:502)
at java.base/java.lang.reflect.Constructor.newInstance(Constructor.java:486)
at org.openqa.selenium.remote.ErrorCodec.decode(ErrorCodec.java:167)
at org.openqa.selenium.remote.codec.w3c.W3CHttpResponseCodec.decode(W3CHttpResponseCodec.java:138)
at org.openqa.selenium.remote.codec.w3c.W3CHttpResponseCodec.decode(W3CHttpResponseCodec.java:50)
at org.openqa.selenium.remote.HttpCommandExecutor.execute(HttpCommandExecutor.java:190)
at org.openqa.selenium.remote.service.DriverCommandExecutor.invokeExecute(DriverCommandExecutor.java:216)
at org.openqa.selenium.remote.service.DriverCommandExecutor.execute(DriverCommandExecutor.java:174)
at org.openqa.selenium.remote.RemoteWebDriver.execute(RemoteWebDriver.java:545)
at org.openqa.selenium.remote.RemoteWebElement.execute(RemoteWebElement.java:223)
at org.openqa.selenium.remote.RemoteWebElement.click(RemoteWebElement.java:76)
at MyTestCases.IframeExample(MyTestCases.java:238)
at java.base/jdk.internal.reflect.DirectMethodHandleAccessor.invoke(DirectMethodHandleAccessor.java:103)
at java.base/java.lang.reflect.Method.invoke(Method.java:580)
at org.testng.internal.MethodInvocationHelper.invokeMethod(MethodInvocationHelper.java:133)
at org.testng.internal.TestInvoker.invokeMethod(TestInvoker.java:598)
at org.testng.internal.TestInvoker.invokeTestMethod(TestInvoker.java:173)
at org.testng.internal.MethodRunner.runInSequence(MethodRunner.java:46)
at org.testng.internal.TestInvoker$MethodInvocationAgent.invoke(TestInvoker.java:824)
at org.testng.internal.TestInvoker.invokeTestMethods(TestInvoker.java:146)
at org.testng.internal.TestMethodWorker.invokeTestMethods(TestMethodWorker.java:146)
at org.testng.internal.TestMethodWorker.run(TestMethodWorker.java:128)
at java.base/java.util.ArrayList.forEach(ArrayList.java:1596)
at org.testng.TestRunner.privateRun(TestRunner.java:794)
at org.testng.TestRunner.run(TestRunner.java:596)
at org.testng.SuiteRunner.runTest(SuiteRunner.java:377)
at org.testng.SuiteRunner.runSequentially(SuiteRunner.java:371)
at org.testng.SuiteRunner.privateRun(SuiteRunner.java:332)
at org.testng.SuiteRunner.run(SuiteRunner.java:276)
at org.testng.SuiteRunnerWorker.runSuite(SuiteRunnerWorker.java:53)
at org.testng.SuiteRunnerWorker.run(SuiteRunnerWorker.java:96)
at org.testng.TestNG.runSuitesSequentially(TestNG.java:1212)
at org.testng.TestNG.runSuitesLocally(TestNG.java:1134)
at org.testng.TestNG.runSuites(TestNG.java:1063)
at org.testng.TestNG.run(TestNG.java:1031)
at org.testng.remote.AbstractRemoteTestNG.run(AbstractRemoteTestNG.java:115)
at org.testng.remote.RemoteTestNG.initAndRun(RemoteTestNG.java:293)
at org.testng.remote.RemoteTestNG.main(RemoteTestNG.java:91)
]]>
    </failure>
  </testcase> <!-- IframeExample -->
  <testcase classname="MyTestCases" name="SwitchWiindow" time="0.0">
    <ignored/>
  </testcase> <!-- SwitchWiindow -->
  <testcase classname="MyTestCases" name="CheckRadioButton" time="0.0">
    <ignored/>
  </testcase> <!-- CheckRadioButton -->
  <testcase classname="MyTestCases" name="DynamicDropDown" time="0.0">
    <ignored/>
  </testcase> <!-- DynamicDropDown -->
  <testcase classname="MyTestCases" name="switchTab" time="0.0">
    <ignored/>
  </testcase> <!-- switchTab -->
  <testcase classname="MyTestCases" name="tableExample" time="0.0">
    <ignored/>
  </testcase> <!-- tableExample -->
  <testcase classname="MyTestCases" name="StaticDropDown" time="0.0">
    <ignored/>
  </testcase> <!-- StaticDropDown -->
  <testcase classname="MyTestCases" name="CheckBox" time="0.0">
    <ignored/>
  </testcase> <!-- CheckBox -->
  <testcase classname="MyTestCases" name="CalendarExample" time="0.0">
    <ignored/>
  </testcase> <!-- CalendarExample -->
  <testcase classname="MyTestCases" name="alert" time="0.0">
    <ignored/>
  </testcase> <!-- alert -->
  <testcase classname="MyTestCases" name="elementDisplayed" time="0.0">
    <ignored/>
  </testcase> <!-- elementDisplayed -->
  <testcase classname="MyTestCases" name="CheckHoverButton" time="0.0">
    <ignored/>
  </testcase> <!-- CheckHoverButton -->
  <testcase classname="MyTestCases" name="EnabledDisabledExample" time="0.0">
    <ignored/>
  </testcase> <!-- EnabledDisabledExample -->
</testsuite> <!-- Default test -->
